
# SPECIFY THE TIMESTEP, THE INTEGRATION SCHEME AND RUN
timestep 0.0001
fix 1 all nve/sphere
fix 2 all viscous 1.88
run 1000000
Neighbor list info ...
  update every 1 steps, delay 10 steps, check yes
  max neighbors/atom: 2000, page size: 100000
  master list distance cutoff = 3.1
  ghost atom cutoff = 3.1
  binsize = 1.55, bins = 10 10 10
  1 neighbor lists, perpetual/occasional/extra = 1 0 0
  (1) pair granular, perpetual
      attributes: half, newton on, size, history
      pair build: half/size/bin/newton/tri
      stencil: half/bin/3d/newton/tri
      bin: standard
Per MPI rank memory allocation (min/avg/max) = 11.26 | 11.26 | 11.26 Mbytes
Step Temp E_pair E_mol TotEng Press 
       0            0            0            0            0    350.63644 
   10000    140.47327            0            0    209.65635     57.06685 
   20000    18.790732            0            0    28.045167    9.9687707 
   30000    4.2111477            0            0    6.2851379    2.9651208 
   40000    1.5589362            0            0    2.3267124    1.0808292 
   50000   0.65856751            0            0     0.982912   0.41623385 
   60000   0.32101616            0            0   0.47911661   0.21242476 
   70000   0.16948688            0            0   0.25295917   0.12857952 
   80000  0.090341865            0            0   0.13483523  0.080454392 
   90000  0.052060753            0            0  0.077700674   0.02156814 
  100000  0.031682988            0            0   0.04728686   0.01336022 
  110000  0.018747633            0            0  0.027980842  0.023187662 
  120000  0.011589356            0            0  0.017297114  0.010749584 
  130000 0.0073674939            0            0  0.010995985 0.0050256932 
  140000 0.0048070128            0            0 0.0071744665 0.0029462925 
  150000 0.0031882348            0            0 0.0047584405 0.00020227828 
  160000 0.0021633093            0            0 0.0032287391 0.0022336638 
  170000 0.0014989224            0            0 0.0022371418 0.0010017625 
  180000 0.0010343213            0            0 0.0015437246 6.5622751e-05 
  190000 0.00071731578            0            0 0.0010705938 0.00021334231 
  200000 0.00049028094            0            0 0.00073174431 3.1105985e-05 
  210000 0.00034105837            0            0 0.00050902962 0.0001842747 
  220000 0.00023820901            0            0 0.00035552695 0.00025497799 
  230000 0.00016657854            0            0 0.00024861847 1.0568613e-05 
  240000 0.00011861366            0            0 0.00017703088 7.5254703e-06 
  250000 8.3429053e-05            0            0 0.00012451786 5.2931751e-06 
  260000 5.921661e-05            0            0 8.8380791e-05 3.7570112e-06 
  270000 4.2493469e-05            0            0 6.3421503e-05 2.6960077e-06 
  280000 3.0270511e-05            0            0 4.5178738e-05 1.9205194e-06 
  290000 2.1698836e-05            0            0 3.2385512e-05 1.3766875e-06 
  300000 1.558429e-05            0            0 2.3259553e-05 9.887488e-07 
  310000 1.1175103e-05            0            0 1.6678841e-05 7.9100833e-05 
  320000 7.9927715e-06            0            0 1.1929211e-05 5.0710319e-07 
  330000 5.7388711e-06            0            0 8.5652652e-06 3.6410397e-07 
  340000 4.1280364e-06            0            0 6.1610943e-06 2.619042e-07 
  350000 2.9719647e-06            0            0 4.4356573e-06 1.8855697e-07 
  360000 2.121357e-06            0            0 3.1661252e-06 7.1797472e-05 
  370000 1.536939e-06            0            0 2.2938814e-06 9.751144e-08 
  380000 1.1060188e-06            0            0 1.650733e-06 3.533593e-07 
  390000 7.954804e-07            0            0 1.1872545e-06 5.0469433e-08 
  400000 5.7313859e-07            0            0 8.5540934e-07 1.363604e-05 
  410000 4.136882e-07            0            0 6.1742964e-07 2.6246541e-08 
  420000 2.9797069e-07            0            0 4.4472125e-07 1.8904818e-08 
  430000 2.1471404e-07            0            0 3.2046071e-07 1.3622581e-08 
  440000 1.5475793e-07            0            0 2.309762e-07 9.8186516e-09 
  450000 1.1155911e-07            0            0 1.6650197e-07 7.077893e-09 
  460000 8.0347542e-08            0            0 1.1991871e-07 5.0976679e-09 
  470000 5.7920425e-08            0            0 8.6446234e-08 3.6747744e-09 
  480000 4.1753128e-08            0            0 6.2316543e-08 2.6490366e-09 
  490000 3.0096696e-08            0            0 4.4919319e-08 1.9094917e-09 
  500000 2.1696608e-08            0            0 3.2382187e-08 1.3765462e-09 
  510000 1.5641937e-08            0            0 2.3345591e-08 9.9240621e-10 
  520000 1.1275644e-08            0            0 1.6828898e-08 7.1538576e-10 
  530000 8.128801e-09            0            0 1.2132236e-08 5.1573362e-10 
  540000 5.8604512e-09            0            0 8.7467234e-09 3.7181765e-10 
  550000 4.2232771e-09            0            0 6.3032411e-09 2.6794677e-10 
  560000 3.0439984e-09            0            0 4.5431677e-09 1.9312717e-10 
  570000 2.1943097e-09            0            0 3.2750073e-09 1.3921848e-10 
  580000 1.5819203e-09            0            0 2.361016e-09 1.0036529e-10 
  590000 1.1404861e-09            0            0 1.7021756e-09 7.2358401e-11 
  600000 8.2225407e-10            0            0 1.2272142e-09 5.2168095e-11 
  610000 5.9282709e-10            0            0 8.8479444e-10 3.7612049e-11 
  620000 4.2741862e-10            0            0 6.3792229e-10 2.7117671e-11 
  630000 3.0816318e-10            0            0 4.5993355e-10 1.9551483e-11 
  640000 2.2218214e-10            0            0 3.3160684e-10 1.4096396e-11 
  650000 1.6019101e-10            0            0 2.3908509e-10 1.0163355e-11 
  660000 1.1549615e-10            0            0  1.72378e-10 7.3276792e-12 
  670000 8.3276166e-11            0            0 1.2428968e-10 5.2834752e-12 
  680000 6.0039649e-11            0            0 8.9609176e-11 3.8092291e-12 
  690000 4.3287344e-11            0            0 6.4606361e-11 2.7463753e-12 
  700000 3.1209498e-11            0            0 4.6580176e-11 1.9800937e-12 
  710000 2.2501649e-11            0            0 3.3583712e-11 1.4276222e-12 
  720000 1.6223438e-11            0            0 2.4213481e-11 1.0292997e-12 
  730000 1.1696932e-11            0            0 1.7457671e-11 7.4211451e-13 
  740000 8.4333742e-12            0            0 1.2586811e-11 5.3505733e-13 
  750000 6.0803831e-12            0            0 9.0749717e-12 3.8577128e-13 
  760000 4.3838997e-12            0            0 6.5429703e-12 2.7813751e-13 
  770000 3.1607514e-12            0            0 4.7174215e-12 2.0053459e-13 
  780000 2.2788729e-12            0            0 3.4012178e-12 1.445836e-13 
  790000 1.6430466e-12            0            0 2.452247e-12 1.0424346e-13 
  800000 1.1846216e-12            0            0 1.7680478e-12 7.5158587e-14 
  810000 8.5413615e-13            0            0 1.2747982e-12 5.4190861e-14 
  820000 6.1581728e-13            0            0 9.1910729e-13 3.9070666e-14 
  830000 4.4399576e-13            0            0 6.6266368e-13 2.8169411e-14 
  840000 3.2011573e-13            0            0 4.7777273e-13 2.0309815e-14 
  850000 2.3080006e-13            0            0 3.4446908e-13 1.4643162e-14 
  860000 1.6640455e-13            0            0 2.4835879e-13 1.0557574e-14 
  870000 1.1997609e-13            0            0 1.7906431e-13 7.6119101e-15 
  880000 8.650164e-14            0            0 1.291037e-13 5.4881161e-15 
  890000 6.2366884e-14            0            0 9.3082575e-14 3.9568811e-15 
  900000 4.4965952e-14            0            0 6.7111684e-14 2.852875e-15 
  910000 3.2420041e-14            0            0 4.8386912e-14 2.0568969e-15 
  920000 2.3374555e-14            0            0 3.4886523e-14 1.4830039e-15 
  930000 1.6852842e-14            0            0 2.5152866e-14 1.0692323e-15 
  940000 1.2150746e-14            0            0 1.8134988e-14 7.7090681e-16 
  950000 8.7605774e-15            0            0 1.3075162e-14 5.5581681e-16 
  960000 6.3162968e-15            0            0 9.427073e-15 4.0073888e-16 
  970000 4.5539927e-15            0            0 6.7968341e-15 2.8892909e-16 
  980000 3.2833874e-15            0            0 4.9004557e-15 2.0831526e-16 
  990000 2.3672925e-15            0            0 3.5331841e-15 1.5019341e-16 
 1000000 1.7067964e-15            0            0 2.5473937e-15 1.0828809e-16 
Loop time of 16.964 on 1 procs for 1000000 steps with 200 atoms

Performance: 509314.922 tau/day, 58948.486 timesteps/s
99.2% CPU use with 1 MPI tasks x no OpenMP threads

MPI task timing breakdown:
Section |  min time  |  avg time  |  max time  |%varavg| %total
---------------------------------------------------------------
Pair    | 7.056      | 7.056      | 7.056      |   0.0 | 41.59
Neigh   | 0.03734    | 0.03734    | 0.03734    |   0.0 |  0.22
Comm    | 5.7117     | 5.7117     | 5.7117     |   0.0 | 33.67
Output  | 0.019641   | 0.019641   | 0.019641   |   0.0 |  0.12
Modify  | 3.264      | 3.264      | 3.264      |   0.0 | 19.24
Other   |            | 0.8753     |            |       |  5.16

Nlocal:    200 ave 200 max 200 min
Histogram: 1 0 0 0 0 0 0 0 0 0
Nghost:    402 ave 402 max 402 min
Histogram: 1 0 0 0 0 0 0 0 0 0
Neighs:    548 ave 548 max 548 min
Histogram: 1 0 0 0 0 0 0 0 0 0

Total # of neighbors = 548
Ave neighs/atom = 2.74
Neighbor list builds = 458
Dangerous builds = 0

# WRITE AN OUTPUT FILE
write_data data.file
Total wall time: 0:00:16
