
# SPECIFY THE TIMESTEP, THE INTEGRATION SCHEME AND RUN
timestep	0.0001
fix		    1 all nve/sphere
fix         2 all deform 1 xy erate 0.01 remap v
run 3000000
Neighbor list info ...
  update every 1 steps, delay 10 steps, check yes
  max neighbors/atom: 2000, page size: 100000
  master list distance cutoff = 3.1
  ghost atom cutoff = 3.1
  binsize = 1.55, bins = 10 10 10
  2 neighbor lists, perpetual/occasional/extra = 2 0 0
  (1) pair granular, perpetual
      attributes: half, newton off, size, history
      pair build: half/size/bin/newtoff
      stencil: half/bin/3d/newtoff
      bin: standard
  (2) pair lubricate/bmpoly, perpetual
      attributes: full, newton off
      pair build: full/bin/atomonly
      stencil: full/bin/3d
      bin: standard
Per MPI rank memory allocation (min/avg/max) = 11.33 | 11.33 | 11.33 Mbytes
Time c_str[1] c_str[2] c_str[3] c_str[4] c_str[5] c_str[6] 
0  -2.0496e-02  -5.3055e-03  -8.7049e-03  -2.2273e-02   2.5001e-02   1.1575e-02 
1   3.3869e-03   1.2273e-03   1.8120e-03  -2.6552e-03  -6.0345e-04   1.3408e-05 
2   2.4838e-03   1.8430e-03   1.1405e-03  -3.7301e-03  -2.2654e-05   2.7091e-04 
3   1.5259e-03   8.1697e-04   9.6486e-04  -3.1713e-03   4.2650e-06   1.7154e-04 
4   8.2142e-04   5.9674e-04   3.8531e-04  -2.7949e-03   4.9108e-05   5.5562e-05 
5   1.0540e-03   7.0771e-04   3.9243e-04  -2.9874e-03   4.0453e-05   1.5009e-04 
6   1.1175e-03   9.1930e-04   5.3752e-04  -3.0484e-03  -1.0233e-04   2.2223e-04 
7   9.0751e-04   8.6358e-04   4.2023e-04  -3.0002e-03  -3.2680e-05   2.1581e-04 
8   1.0453e-03   1.0380e-03   4.2158e-04  -3.0305e-03   6.3294e-05   1.4967e-04 
9   1.3445e-03   1.6238e-03   6.3558e-04  -3.3259e-03  -8.7016e-06   6.5476e-05 
10   1.3034e-03   1.5865e-03   5.8490e-04  -3.2445e-03  -1.8996e-05   4.0584e-05 
11   2.2164e-03   2.2302e-03   9.4491e-04  -3.8635e-03  -4.5905e-05  -3.7704e-05 
12   2.0791e-03   2.0439e-03   8.3863e-04  -3.7178e-03  -6.2015e-06  -2.1452e-05 
13   2.1730e-03   2.0647e-03   8.8604e-04  -3.7729e-03   3.1446e-05   1.6834e-05 
14   2.3879e-03   2.4977e-03   9.8116e-04  -4.0104e-03   3.7086e-05   5.8005e-05 
15   2.8108e-03   2.6639e-03   1.1426e-03  -4.1942e-03   1.6045e-04  -8.4106e-06 
16   3.0281e-03   3.1362e-03   1.2480e-03  -4.3960e-03   1.5236e-04  -1.1626e-04 
17   3.8718e-03   3.5283e-03   1.4841e-03  -5.0203e-03   1.7474e-05  -2.9013e-05 
18   3.7364e-03   3.6493e-03   1.5635e-03  -5.0492e-03   4.4085e-05  -4.2051e-05 
19   3.8998e-03   3.9975e-03   1.6252e-03  -5.2698e-03   3.6813e-05   1.6056e-05 
20   4.2605e-03   4.2908e-03   1.9030e-03  -5.5507e-03  -5.5254e-05   5.4590e-05 
21   5.1574e-03   4.9148e-03   2.1915e-03  -6.2315e-03   5.8859e-05  -3.1268e-05 
22   5.1490e-03   4.8963e-03   2.2416e-03  -6.2058e-03  -9.5968e-05   4.4630e-05 
23   5.7864e-03   5.7260e-03   2.4536e-03  -6.7937e-03  -3.7121e-05  -4.6536e-05 
24   5.8154e-03   6.0279e-03   2.4288e-03  -6.9635e-03  -8.4605e-05   1.0937e-04 
25   6.4557e-03   6.4613e-03   2.4076e-03  -7.4678e-03  -1.3353e-04   3.1739e-04 
26   6.7437e-03   6.7116e-03   2.7111e-03  -7.6644e-03  -2.1309e-04   4.0528e-04 
27   6.7447e-03   6.9427e-03   2.9476e-03  -7.6556e-03  -3.5131e-04   6.3797e-04 
28   7.0254e-03   7.2300e-03   2.8773e-03  -7.8476e-03  -1.8694e-04   5.2137e-04 
29   8.5499e-03   8.3410e-03   3.3340e-03  -8.7924e-03  -3.6639e-04   6.3175e-04 
30   9.2194e-03   8.8339e-03   3.3802e-03  -9.2546e-03  -2.0067e-04   5.1308e-04 
31   9.4732e-03   9.0495e-03   3.7555e-03  -9.4838e-03  -1.2562e-04   5.6186e-04 
32   9.8026e-03   9.7291e-03   4.0451e-03  -9.8959e-03  -1.3634e-04   6.4878e-04 
33   1.1379e-02   1.0885e-02   4.4198e-03  -1.0643e-02  -3.4726e-04   8.3337e-04 
34   1.2571e-02   1.1567e-02   4.8202e-03  -1.1334e-02  -3.6965e-04   8.2959e-04 
35   1.2759e-02   1.1757e-02   5.0322e-03  -1.1294e-02  -3.6569e-04   6.7521e-04 
36   1.3895e-02   1.3528e-02   4.9666e-03  -1.2876e-02  -3.4965e-04   8.2864e-04 
37   1.4001e-02   1.4421e-02   5.6424e-03  -1.3241e-02   3.1219e-05   5.9181e-04 
38   1.4487e-02   1.4555e-02   6.0423e-03  -1.3443e-02   2.3508e-04   4.0428e-04 
39   1.4619e-02   1.4556e-02   6.2442e-03  -1.3401e-02   1.2715e-04   3.5684e-04 
40   1.4764e-02   1.4568e-02   6.5104e-03  -1.3504e-02   1.1057e-05   5.0412e-04 
41   1.4474e-02   1.3695e-02   6.6359e-03  -1.2965e-02   1.1237e-04   2.1092e-04 
42   1.4349e-02   1.3834e-02   6.8124e-03  -1.2969e-02  -6.1972e-05   4.1284e-04 
43   1.4447e-02   1.3925e-02   7.0952e-03  -1.2933e-02  -4.0555e-05   3.4073e-04 
44   1.4674e-02   1.4881e-02   7.2643e-03  -1.3547e-02  -2.0863e-04   7.4345e-04 
45   1.5374e-02   1.5498e-02   8.1245e-03  -1.4309e-02  -3.0842e-04   9.0412e-04 
46   1.5381e-02   1.5611e-02   8.1969e-03  -1.3991e-02  -7.5765e-05   7.4442e-04 
47   1.5608e-02   1.5567e-02   8.3663e-03  -1.4124e-02  -2.7394e-04   6.6139e-04 
48   2.0242e-02   2.1042e-02   1.0008e-02  -1.8006e-02   2.9436e-04   6.6081e-04 
49   2.6528e-02   2.8918e-02   1.1845e-02  -2.3630e-02   9.1168e-04   5.3172e-04 
50   2.3818e-02   2.7812e-02   1.2762e-02  -2.1735e-02   1.1820e-03  -1.9981e-04 
51   2.2572e-02   2.6030e-02   1.2898e-02  -2.0314e-02   1.4459e-03  -4.6288e-04 
52   2.1867e-02   2.4803e-02   1.2669e-02  -1.9421e-02   1.2884e-03  -3.2092e-04 
53   2.0913e-02   2.3324e-02   1.2642e-02  -1.8579e-02   9.5171e-04  -1.8985e-04 
54   2.0512e-02   2.2197e-02   1.2448e-02  -1.8061e-02   7.6657e-04   3.7129e-05 
55   1.9859e-02   2.1496e-02   1.2446e-02  -1.7517e-02   9.7119e-04  -9.6044e-06 
56   2.0273e-02   2.2030e-02   1.3806e-02  -1.7970e-02   7.3420e-04   1.3331e-04 
57   2.0942e-02   2.2466e-02   1.4673e-02  -1.7962e-02   7.9744e-04   3.4030e-05 
58   2.0415e-02   2.2014e-02   1.4206e-02  -1.7682e-02   6.0926e-04   1.2237e-04 
59   2.0770e-02   2.1655e-02   1.3986e-02  -1.7707e-02   4.0069e-04   3.2354e-04 
60   2.0190e-02   2.2007e-02   1.4589e-02  -1.7633e-02   3.4576e-04   6.5259e-05 
61   2.0583e-02   2.2543e-02   1.4986e-02  -1.7947e-02   1.4696e-04   1.6911e-04 
62   1.9373e-02   2.1017e-02   1.4073e-02  -1.7191e-02   1.5052e-04   3.5603e-05 
63   2.0071e-02   2.1805e-02   1.5006e-02  -1.7738e-02   4.3160e-04  -2.9580e-04 
64   2.0565e-02   2.1946e-02   1.4820e-02  -1.8044e-02   4.9688e-04   4.8108e-05 
65   1.9718e-02   2.0687e-02   1.4370e-02  -1.7651e-02   5.8705e-04  -1.1620e-04 
66   1.8447e-02   1.9120e-02   1.3564e-02  -1.6927e-02   8.0736e-04  -2.7279e-04 
67   1.8232e-02   1.8940e-02   1.3504e-02  -1.6770e-02   6.5339e-04  -3.9114e-04 
68   1.7630e-02   1.8285e-02   1.2862e-02  -1.6228e-02   6.5507e-04  -3.1526e-04 
69   1.7317e-02   1.8033e-02   1.2323e-02  -1.6049e-02   9.4447e-04  -2.5444e-04 
70   1.7285e-02   1.8200e-02   1.1922e-02  -1.5927e-02   9.2257e-04  -5.0492e-04 
71   1.7036e-02   1.7432e-02   1.1300e-02  -1.5392e-02   9.1941e-04  -7.2313e-04 
72   1.5836e-02   1.5773e-02   1.0218e-02  -1.4383e-02   1.1705e-03  -8.0626e-04 
73   1.4843e-02   1.4970e-02   9.5236e-03  -1.4026e-02   1.3937e-03  -1.1532e-03 
74   1.4179e-02   1.3930e-02   8.6868e-03  -1.3892e-02   1.0417e-03  -9.4539e-04 
75   1.3543e-02   1.3007e-02   7.6301e-03  -1.3713e-02   1.3588e-03  -9.9923e-04 
76   1.2765e-02   1.1907e-02   7.0579e-03  -1.3444e-02   1.3638e-03  -9.1081e-04 
77   1.2949e-02   1.0992e-02   6.4372e-03  -1.3328e-02   1.6186e-03  -7.9604e-04 
78   1.3340e-02   1.1118e-02   6.1033e-03  -1.4051e-02   2.1457e-03  -1.2967e-03 
79   1.5110e-02   1.1667e-02   5.8483e-03  -1.4915e-02   2.6650e-03  -1.4032e-03 
80   1.6942e-02   1.2197e-02   5.4695e-03  -1.6006e-02   2.8977e-03  -1.4516e-03 
81   1.5918e-02   1.0976e-02   5.1375e-03  -1.5122e-02   2.6237e-03  -1.1410e-03 
82   1.8595e-02   1.3441e-02   5.6774e-03  -1.7531e-02   3.7996e-03  -2.5849e-03 
83   1.9666e-02   1.3779e-02   5.8945e-03  -1.8042e-02   4.1077e-03  -2.7766e-03 
84   2.0842e-02   1.5363e-02   7.1138e-03  -1.9265e-02   4.5154e-03  -2.6614e-03 
85   2.2433e-02   1.6673e-02   8.6651e-03  -2.0509e-02   4.9746e-03  -2.7716e-03 
86   2.2411e-02   1.6507e-02   8.8190e-03  -2.0207e-02   4.8242e-03  -2.6378e-03 
87   2.3434e-02   1.8205e-02   9.4237e-03  -2.0907e-02   4.4640e-03  -2.7224e-03 
88   2.1132e-02   1.7251e-02   9.4593e-03  -1.9296e-02   3.6461e-03  -1.9942e-03 
89   2.1272e-02   2.0142e-02   1.0104e-02  -1.9995e-02   2.8754e-03  -1.5856e-03 
90   2.2906e-02   2.2811e-02   1.1745e-02  -2.1766e-02   2.2500e-03  -1.8884e-03 
91   2.2904e-02   2.1766e-02   1.1825e-02  -2.1280e-02   1.7097e-03  -1.4382e-03 
92   2.1032e-02   1.9939e-02   1.1145e-02  -1.9631e-02   1.2295e-03  -1.0961e-03 
93   1.9399e-02   1.7956e-02   1.0485e-02  -1.8472e-02   1.0315e-03  -8.9974e-04 
94   1.8968e-02   1.7325e-02   9.7254e-03  -1.8416e-02   9.0062e-04  -9.7411e-04 
95   1.8866e-02   1.7305e-02   9.5466e-03  -1.8211e-02   8.1241e-04  -9.9294e-04 
96   1.7898e-02   1.7072e-02   9.4987e-03  -1.7612e-02   7.4369e-04  -8.8575e-04 
97   1.6413e-02   1.5976e-02   8.3685e-03  -1.6657e-02   8.9149e-04  -7.7105e-04 
98   1.7950e-02   1.6189e-02   9.2532e-03  -1.7262e-02   8.5089e-04  -1.1867e-04 
99   1.7442e-02   1.6181e-02   8.6007e-03  -1.7114e-02   1.5121e-03   7.3936e-05 
100   1.7187e-02   1.4916e-02   7.9486e-03  -1.6775e-02   1.3163e-03  -8.7560e-05 
101   1.6376e-02   1.4802e-02   7.1535e-03  -1.6585e-02   1.3550e-03   2.1577e-04 
102   1.5570e-02   1.3816e-02   6.5052e-03  -1.6126e-02   1.2262e-03   3.6485e-04 
103   1.4852e-02   1.3482e-02   6.1756e-03  -1.5415e-02   8.5076e-04   5.3727e-04 
104   1.4892e-02   1.3574e-02   6.3298e-03  -1.5830e-02   6.1875e-04   5.9141e-04 
105   1.4705e-02   1.3670e-02   6.4191e-03  -1.5570e-02   3.2747e-04   1.0043e-03 
106   1.3179e-02   1.2393e-02   5.9700e-03  -1.4824e-02   1.1169e-04   1.0439e-03 
107   1.2645e-02   1.1439e-02   5.7230e-03  -1.4604e-02  -1.7976e-04   1.2919e-03 
108   1.1618e-02   1.0411e-02   5.3027e-03  -1.4101e-02  -2.3520e-04   1.3768e-03 
109   1.1472e-02   1.0213e-02   4.8435e-03  -1.4224e-02  -6.8692e-04   1.6104e-03 
110   1.1244e-02   9.6921e-03   4.5427e-03  -1.3972e-02  -1.2055e-03   1.4263e-03 
111   1.0684e-02   9.8527e-03   4.4657e-03  -1.3410e-02  -1.2652e-03   1.4974e-03 
112   1.1132e-02   1.0078e-02   4.9539e-03  -1.3863e-02  -1.3957e-03   1.8050e-03 
113   1.2354e-02   1.1681e-02   5.0881e-03  -1.5050e-02  -1.7941e-03   1.6877e-03 
114   1.1948e-02   1.1221e-02   5.1759e-03  -1.4879e-02  -1.5804e-03   1.3594e-03 
115   1.1949e-02   1.1266e-02   5.9970e-03  -1.4934e-02  -1.8892e-03   1.4524e-03 
116   1.2805e-02   1.1356e-02   6.3109e-03  -1.5385e-02  -1.6992e-03   9.5188e-04 
117   1.3783e-02   1.1400e-02   7.0629e-03  -1.5616e-02  -1.9151e-03   2.4711e-04 
118   1.3667e-02   1.1926e-02   7.4550e-03  -1.5538e-02  -1.6077e-03   3.2709e-05 
119   1.3579e-02   1.1590e-02   7.7453e-03  -1.4770e-02  -1.3946e-03   3.8112e-04 
120   1.3562e-02   1.2116e-02   8.2750e-03  -1.4462e-02  -1.5489e-03   5.2622e-04 
121   1.4247e-02   1.1824e-02   8.5547e-03  -1.4529e-02  -1.6967e-03   6.8131e-04 
122   1.3982e-02   1.2402e-02   8.4757e-03  -1.4556e-02  -1.9119e-03   1.3159e-03 
123   1.3500e-02   1.2527e-02   7.8228e-03  -1.4296e-02  -1.8426e-03   1.5295e-03 
124   1.3120e-02   1.2208e-02   7.1126e-03  -1.3776e-02  -1.5579e-03   1.4111e-03 
125   1.4750e-02   1.5184e-02   7.4884e-03  -1.5291e-02  -2.0903e-03   1.6402e-03 
126   1.3911e-02   1.4276e-02   7.0637e-03  -1.4798e-02  -1.8406e-03   1.6421e-03 
127   1.3494e-02   1.4036e-02   6.7181e-03  -1.4690e-02  -1.8156e-03   1.6666e-03 
128   1.2292e-02   1.2917e-02   6.6236e-03  -1.3657e-02  -1.4945e-03   1.9441e-03 
129   1.1967e-02   1.2106e-02   6.6051e-03  -1.3305e-02  -1.6129e-03   1.8468e-03 
130   1.1585e-02   1.1811e-02   6.5274e-03  -1.2903e-02  -1.2253e-03   1.4475e-03 
131   1.1763e-02   1.1906e-02   6.9490e-03  -1.3289e-02  -1.1178e-03   1.1181e-03 
132   1.1409e-02   1.0750e-02   6.7938e-03  -1.3072e-02  -6.0017e-04   8.0396e-04 
133   1.0883e-02   9.8495e-03   6.7167e-03  -1.2856e-02  -6.7523e-04   6.4934e-04 
134   1.0475e-02   9.5487e-03   7.2231e-03  -1.2886e-02  -6.5506e-04   3.7096e-04 
135   9.9046e-03   9.3237e-03   7.0482e-03  -1.2454e-02  -9.6179e-04   7.3508e-04 
136   9.0209e-03   8.5797e-03   6.4913e-03  -1.1936e-02  -1.0599e-03   6.3079e-04 
137   9.0561e-03   8.7615e-03   6.5626e-03  -1.1905e-02  -1.0860e-03   7.4768e-04 
138   9.3768e-03   1.0650e-02   7.4945e-03  -1.2361e-02  -1.0178e-03   1.5060e-03 
139   8.4750e-03   1.0140e-02   7.0862e-03  -1.1971e-02  -8.2127e-04   1.4612e-03 
140   8.1502e-03   9.8145e-03   6.8800e-03  -1.1505e-02  -8.2624e-04   1.6372e-03 
141   8.5838e-03   1.0882e-02   7.2128e-03  -1.1908e-02  -8.0192e-04   1.6392e-03 
142   8.8704e-03   1.0835e-02   7.5664e-03  -1.1980e-02  -1.0317e-03   2.1110e-03 
143   8.9470e-03   1.0865e-02   7.8849e-03  -1.1942e-02  -8.1485e-04   2.1005e-03 
144   9.5307e-03   1.0505e-02   8.1906e-03  -1.2169e-02  -1.0191e-03   1.9817e-03 
145   9.2022e-03   1.0365e-02   8.2172e-03  -1.1912e-02  -1.0576e-03   2.0686e-03 
146   9.8747e-03   1.1956e-02   9.3614e-03  -1.2483e-02  -1.1938e-03   3.2321e-03 
147   9.5875e-03   1.2042e-02   9.8995e-03  -1.2623e-02  -1.7112e-03   4.1957e-03 
148   1.1406e-02   1.3315e-02   1.2514e-02  -1.3993e-02  -1.7088e-03   4.6046e-03 
149   1.2260e-02   1.3529e-02   1.4281e-02  -1.4250e-02  -2.1599e-03   4.7295e-03 
150   1.4383e-02   1.4126e-02   1.4504e-02  -1.5315e-02  -1.3473e-03   3.4997e-03 
151   1.5404e-02   1.4084e-02   1.4746e-02  -1.5674e-02  -1.2662e-03   3.0610e-03 
152   1.5284e-02   1.3420e-02   1.3424e-02  -1.5459e-02  -1.4619e-03   2.2773e-03 
153   1.5673e-02   1.3669e-02   1.3155e-02  -1.5450e-02  -1.8977e-03   2.3896e-03 
154   1.6880e-02   1.3235e-02   1.2580e-02  -1.5843e-02  -1.4754e-03   1.7388e-03 
155   1.5917e-02   1.1959e-02   1.1690e-02  -1.5170e-02  -1.2424e-03   1.3410e-03 
156   1.8473e-02   1.3235e-02   1.3065e-02  -1.6303e-02  -8.0162e-04   1.1467e-03 
157   1.8254e-02   1.2476e-02   1.2652e-02  -1.5864e-02  -5.6050e-04   5.8313e-04 
158   1.8504e-02   1.1907e-02   1.2815e-02  -1.5668e-02  -4.0049e-04  -4.2846e-05 
159   1.9008e-02   1.1373e-02   1.3757e-02  -1.5477e-02  -3.0712e-04  -4.9399e-04 
160   1.7515e-02   9.9013e-03   1.2700e-02  -1.4846e-02  -2.1868e-04  -3.8919e-04 
161   1.8203e-02   9.3117e-03   1.1464e-02  -1.5377e-02   6.6934e-04  -9.6014e-04 
162   1.6935e-02   7.8870e-03   1.0038e-02  -1.4783e-02   7.2563e-04  -1.3698e-03 
163   1.8576e-02   8.5038e-03   1.2112e-02  -1.5775e-02   1.5107e-03  -2.1684e-03 
164   1.7212e-02   7.6193e-03   1.0866e-02  -1.5145e-02   1.4064e-03  -2.2872e-03 
165   1.8011e-02   8.7732e-03   1.1286e-02  -1.6129e-02   1.5032e-03  -1.9132e-03 
166   1.9296e-02   1.0221e-02   1.2123e-02  -1.6760e-02   1.6011e-03  -1.9265e-03 
167   1.8938e-02   1.0597e-02   1.2714e-02  -1.6667e-02   1.5017e-03  -1.9477e-03 
168   1.7483e-02   9.6482e-03   1.1407e-02  -1.6006e-02   1.3815e-03  -2.2596e-03 
169   1.5733e-02   8.6078e-03   1.0330e-02  -1.5175e-02   1.2266e-03  -2.3143e-03 
170   1.4345e-02   8.0102e-03   9.0933e-03  -1.4715e-02   8.9489e-04  -2.1664e-03 
171   1.3053e-02   7.4642e-03   8.2816e-03  -1.3459e-02   8.3296e-04  -1.8630e-03 
172   1.2052e-02   7.2300e-03   8.0921e-03  -1.3301e-02   3.8926e-04  -1.0687e-03 
173   1.2414e-02   8.9271e-03   8.0406e-03  -1.4156e-02   1.9240e-04  -1.1932e-03 
174   1.2903e-02   1.0810e-02   9.3324e-03  -1.5019e-02   2.1670e-05  -1.4710e-03 
175   1.4436e-02   1.3532e-02   1.1302e-02  -1.6230e-02  -3.7792e-04  -1.5218e-03 
176   1.4326e-02   1.3755e-02   1.0929e-02  -1.6080e-02  -2.5624e-04  -1.6275e-03 
177   1.3512e-02   1.3352e-02   9.8823e-03  -1.5752e-02  -2.3100e-04  -1.6110e-03 
178   1.4015e-02   1.3463e-02   8.8087e-03  -1.6162e-02  -2.7628e-04  -1.6603e-03 
179   1.4353e-02   1.2141e-02   6.7900e-03  -1.6175e-02   1.4356e-04  -1.5970e-03 
180   1.3242e-02   1.0698e-02   5.7081e-03  -1.5518e-02   2.7849e-04  -1.1858e-03 
181   1.2766e-02   9.8137e-03   4.8597e-03  -1.5310e-02   4.0276e-05  -7.9824e-04 
182   1.3264e-02   9.8536e-03   4.5240e-03  -1.5565e-02   2.6036e-04  -6.1747e-04 
183   1.3458e-02   1.0350e-02   4.4204e-03  -1.5463e-02  -1.3963e-04  -3.0234e-04 
184   1.3398e-02   9.9941e-03   4.3767e-03  -1.5263e-02   9.2269e-05  -3.0517e-04 
185   1.2428e-02   9.3276e-03   4.0606e-03  -1.4261e-02   2.1457e-04  -2.0869e-04 
186   1.2279e-02   9.0477e-03   3.7045e-03  -1.4060e-02   2.2730e-04  -8.5673e-05 
187   1.1323e-02   8.2388e-03   3.5362e-03  -1.3561e-02   3.6618e-04  -8.7322e-05 
188   1.2693e-02   8.4857e-03   3.8508e-03  -1.3774e-02   1.8177e-04  -3.0328e-05 
189   1.3567e-02   1.0454e-02   4.8078e-03  -1.4708e-02   3.9626e-04  -4.1993e-04 
190   1.5400e-02   1.1046e-02   5.7298e-03  -1.5319e-02   7.1427e-04  -7.4840e-04 
191   1.3953e-02   1.0651e-02   5.4071e-03  -1.4426e-02   6.0399e-04  -7.4956e-04 
192   1.3035e-02   9.9892e-03   5.4074e-03  -1.3787e-02   6.2463e-04  -5.8930e-04 
193   1.2474e-02   9.6024e-03   5.3305e-03  -1.3497e-02   5.8312e-04  -6.0299e-04 
194   1.1445e-02   8.8338e-03   4.7896e-03  -1.2835e-02   5.4531e-04  -4.3456e-04 
195   1.2082e-02   9.9818e-03   5.3499e-03  -1.3131e-02   7.9719e-04  -7.1005e-04 
196   1.1562e-02   1.0589e-02   5.7944e-03  -1.2885e-02   3.5413e-04  -2.6372e-04 
197   1.1384e-02   1.0343e-02   6.0174e-03  -1.2661e-02   2.0237e-04  -5.0909e-04 
198   1.1175e-02   1.0039e-02   6.0662e-03  -1.2343e-02   1.1148e-04  -4.2312e-04 
199   1.0480e-02   1.0303e-02   6.2387e-03  -1.1953e-02   8.1457e-05  -5.0385e-04 
200   1.0785e-02   1.0433e-02   6.2880e-03  -1.2048e-02   2.1108e-04  -4.2356e-04 
201   1.0574e-02   1.0103e-02   6.1554e-03  -1.1950e-02  -1.2639e-04  -2.2464e-04 
202   1.1035e-02   1.0050e-02   6.5909e-03  -1.2087e-02   2.4041e-04  -5.0408e-05 
203   1.0685e-02   1.0121e-02   6.5835e-03  -1.2125e-02   3.4726e-05   1.2184e-05 
204   1.0034e-02   9.8544e-03   5.9936e-03  -1.1857e-02   6.8902e-05  -9.4848e-05 
205   1.0511e-02   1.0051e-02   5.9211e-03  -1.1948e-02   9.5964e-05  -7.6320e-05 
206   9.8241e-03   9.6568e-03   5.6295e-03  -1.1735e-02   1.9517e-04  -1.7544e-04 
207   1.0465e-02   9.5318e-03   6.0768e-03  -1.1683e-02  -2.6870e-04   2.9008e-04 
208   1.0002e-02   9.5799e-03   5.8500e-03  -1.1491e-02  -2.8138e-04   2.9855e-04 
209   1.0940e-02   9.9810e-03   6.4477e-03  -1.1871e-02  -5.0715e-04   6.8119e-04 
210   1.1482e-02   1.0412e-02   6.7167e-03  -1.2045e-02  -7.9271e-04   9.1933e-04 
211   1.2543e-02   1.1793e-02   7.9895e-03  -1.2650e-02  -9.8296e-04   8.0994e-04 
212   1.1937e-02   1.1133e-02   7.6094e-03  -1.2360e-02  -1.0175e-03   8.2218e-04 
213   1.1328e-02   1.0528e-02   7.2080e-03  -1.1781e-02  -8.0608e-04   6.4509e-04 
214   1.1076e-02   1.0423e-02   7.0860e-03  -1.1826e-02  -7.0481e-04   5.8983e-04 
215   1.1535e-02   1.1129e-02   8.0254e-03  -1.1916e-02  -7.2233e-04   5.7285e-04 
216   1.0973e-02   1.0396e-02   7.1581e-03  -1.1779e-02  -7.4699e-04   6.8204e-04 
217   1.2127e-02   1.1786e-02   7.7780e-03  -1.2832e-02  -1.1830e-03   8.9561e-04 
218   1.2077e-02   1.2022e-02   7.4271e-03  -1.2968e-02  -1.4898e-03   1.5124e-03 
219   1.4359e-02   1.3495e-02   7.5605e-03  -1.4448e-02  -2.3518e-03   2.5972e-03 
220   1.5487e-02   1.6097e-02   7.9035e-03  -1.5677e-02  -2.8463e-03   3.5978e-03 
221   1.5843e-02   1.6268e-02   8.2439e-03  -1.6224e-02  -3.3141e-03   4.4599e-03 
222   1.6449e-02   1.7668e-02   8.3132e-03  -1.6895e-02  -3.2104e-03   4.9160e-03 
223   1.5786e-02   1.6849e-02   8.2073e-03  -1.6636e-02  -3.4157e-03   4.8929e-03 
224   1.6126e-02   1.9083e-02   9.0156e-03  -1.7431e-02  -2.9588e-03   4.5404e-03 
225   1.4871e-02   1.8354e-02   8.9808e-03  -1.6381e-02  -2.4672e-03   3.9811e-03 
226   1.4416e-02   1.7714e-02   9.3942e-03  -1.5449e-02  -2.4283e-03   3.9270e-03 
227   1.3918e-02   1.6370e-02   8.8301e-03  -1.5180e-02  -2.4013e-03   3.5940e-03 
228   1.3805e-02   1.5297e-02   8.1300e-03  -1.4718e-02  -2.1588e-03   3.2440e-03 
229   1.2553e-02   1.4008e-02   7.6456e-03  -1.4208e-02  -2.0143e-03   2.8231e-03 
230   1.1832e-02   1.3295e-02   7.1718e-03  -1.3829e-02  -1.8684e-03   2.6335e-03 
231   1.0742e-02   1.2639e-02   6.8533e-03  -1.2923e-02  -1.6703e-03   2.2739e-03 
232   1.0377e-02   1.1826e-02   7.1268e-03  -1.2408e-02  -1.2781e-03   1.9105e-03 
233   1.0682e-02   1.3819e-02   7.3796e-03  -1.2944e-02  -1.1701e-03   2.4420e-03 
234   1.0242e-02   1.4255e-02   6.9609e-03  -1.2883e-02  -1.0559e-03   2.4926e-03 
235   1.0314e-02   1.5781e-02   7.2760e-03  -1.3250e-02  -7.8760e-04   2.3895e-03 
236   9.4806e-03   1.5574e-02   7.2015e-03  -1.2994e-02  -6.6414e-04   2.2779e-03 
237   8.6854e-03   1.5322e-02   6.6130e-03  -1.2820e-02  -6.1996e-04   2.1222e-03 
238   9.0066e-03   1.5268e-02   6.8535e-03  -1.3028e-02  -2.2256e-04   1.2800e-03 
239   8.0505e-03   1.3777e-02   5.8633e-03  -1.2228e-02  -2.6075e-04   1.2299e-03 
240   7.7288e-03   1.2844e-02   5.8376e-03  -1.1799e-02  -1.9996e-04   9.8102e-04 
241   7.8375e-03   1.2929e-02   5.0476e-03  -1.2080e-02  -3.1553e-04   8.4302e-04 
242   7.9076e-03   1.3026e-02   4.1920e-03  -1.2413e-02  -1.6828e-04   1.0488e-03 
243   8.5841e-03   1.4539e-02   4.1841e-03  -1.3184e-02  -1.7504e-04   7.3099e-04 
244   8.2472e-03   1.3603e-02   4.0946e-03  -1.2622e-02  -8.9515e-05   6.3436e-04 
245   8.4559e-03   1.2882e-02   4.3173e-03  -1.2756e-02   6.4455e-04  -3.3646e-04 
246   8.9839e-03   1.1686e-02   3.5961e-03  -1.3041e-02   9.6736e-04  -7.2170e-04 
247   8.4579e-03   1.0625e-02   3.1345e-03  -1.2801e-02   1.0137e-03  -1.0915e-03 
248   7.9769e-03   9.4856e-03   2.6176e-03  -1.2705e-02   9.8176e-04  -1.0099e-03 
249   7.3924e-03   8.0326e-03   2.1515e-03  -1.2244e-02   9.8195e-04  -1.1491e-03 
250   7.2120e-03   7.3298e-03   2.6521e-03  -1.2338e-02   1.4834e-03  -1.5079e-03 
251   8.3078e-03   7.7110e-03   3.1476e-03  -1.2987e-02   1.4127e-03  -1.3669e-03 
252   7.7208e-03   7.1438e-03   3.3971e-03  -1.2468e-02   1.5525e-03  -1.7929e-03 
253   7.8610e-03   7.1702e-03   3.4542e-03  -1.2205e-02   1.5973e-03  -1.9047e-03 
254   7.9580e-03   7.2672e-03   3.6448e-03  -1.2451e-02   1.4249e-03  -1.4792e-03 
255   7.2151e-03   7.0825e-03   3.2345e-03  -1.2145e-02   1.1449e-03  -1.3743e-03 
256   6.8327e-03   7.7181e-03   3.7599e-03  -1.1848e-02   8.0114e-04  -9.5304e-04 
257   7.0647e-03   7.0412e-03   3.2586e-03  -1.1795e-02   6.7761e-04  -8.1170e-04 
258   7.0924e-03   7.0227e-03   3.5979e-03  -1.1852e-02   6.7919e-04  -5.4254e-04 
259   7.0264e-03   6.7823e-03   3.4951e-03  -1.1714e-02   6.1398e-04  -3.2465e-04 
260   7.4484e-03   7.1103e-03   3.7477e-03  -1.1615e-02   5.2358e-04   2.0242e-04 
261   7.0720e-03   6.5812e-03   3.5583e-03  -1.1236e-02   4.5284e-04   1.9628e-04 
262   7.7992e-03   7.6065e-03   3.9282e-03  -1.1958e-02   1.0886e-03  -5.4418e-04 
263   7.8756e-03   8.0696e-03   3.9721e-03  -1.1974e-02   8.4515e-04  -3.0405e-04 
264   7.7258e-03   7.7193e-03   3.7241e-03  -1.1671e-02   7.9789e-04  -3.0018e-04 
265   1.2867e-02   1.4842e-02   7.0461e-03  -1.6529e-02   1.0449e-03  -8.1199e-04 
266   1.3899e-02   1.7056e-02   8.2544e-03  -1.7195e-02   7.9806e-04  -5.9761e-04 
267   1.2500e-02   1.4226e-02   8.4355e-03  -1.5089e-02   9.4607e-04  -4.4731e-04 
268   1.1289e-02   1.2444e-02   7.5336e-03  -1.3972e-02   8.8949e-04  -3.0182e-04 
269   1.1686e-02   1.2406e-02   7.0471e-03  -1.4126e-02   5.5128e-04  -1.1588e-04 
270   1.1664e-02   1.2292e-02   6.3636e-03  -1.4233e-02   2.5913e-04  -3.9401e-05 
271   1.2856e-02   1.3871e-02   7.6888e-03  -1.4959e-02  -1.6057e-04   4.8142e-04 
272   1.2025e-02   1.3816e-02   7.1229e-03  -1.4260e-02  -6.2562e-04   8.1436e-04 
273   1.2035e-02   1.4429e-02   7.5711e-03  -1.4211e-02  -8.1376e-04   1.2093e-03 
274   1.1197e-02   1.3731e-02   7.4872e-03  -1.3468e-02  -9.3693e-04   1.2536e-03 
275   1.2756e-02   1.6306e-02   8.9943e-03  -1.4603e-02  -3.7647e-04   1.6535e-03 
276   1.2800e-02   1.6047e-02   9.6107e-03  -1.4264e-02  -7.7838e-04   2.0252e-03 
277   1.2445e-02   1.5724e-02   9.5710e-03  -1.3985e-02  -8.0477e-04   2.1257e-03 
278   1.1616e-02   1.5179e-02   9.1270e-03  -1.3876e-02  -8.3917e-04   2.0652e-03 
279   1.1007e-02   1.4024e-02   8.5201e-03  -1.3480e-02  -8.4875e-04   1.9411e-03 
280   1.0372e-02   1.2895e-02   7.9794e-03  -1.2953e-02  -3.0790e-04   1.2023e-03 
281   1.0913e-02   1.4087e-02   8.5948e-03  -1.3290e-02  -1.9950e-04   1.1901e-03 
282   1.0429e-02   1.3591e-02   8.7286e-03  -1.3233e-02   1.0519e-04   9.2566e-04 
283   1.0485e-02   1.3093e-02   8.2953e-03  -1.2995e-02   6.3367e-04   5.4587e-04 
284   1.0997e-02   1.4002e-02   9.3795e-03  -1.3362e-02   8.3221e-05   1.4508e-03 
285   1.1355e-02   1.4426e-02   1.0164e-02  -1.3515e-02  -6.4947e-05   1.6523e-03 
286   1.1219e-02   1.4351e-02   9.8354e-03  -1.3188e-02  -1.7641e-04   2.0818e-03 
287   1.2148e-02   1.5226e-02   9.8339e-03  -1.4082e-02  -3.3583e-04   1.8576e-03 
288   1.3484e-02   1.4667e-02   1.0247e-02  -1.4458e-02  -4.7582e-04   1.7377e-03 
289   1.3562e-02   1.3415e-02   9.3676e-03  -1.4219e-02   2.6171e-04   1.2709e-03 
290   1.2950e-02   1.2203e-02   8.1903e-03  -1.3743e-02   5.5182e-04   8.0778e-04 
291   1.2586e-02   1.0809e-02   7.0052e-03  -1.3202e-02   5.9342e-04   5.6466e-04 
292   1.2026e-02   1.0200e-02   6.9729e-03  -1.2740e-02   1.4482e-03  -2.1371e-04 
293   1.1746e-02   9.1264e-03   6.8481e-03  -1.2814e-02   2.1700e-03  -8.2181e-04 
294   1.2670e-02   8.5514e-03   6.9410e-03  -1.3696e-02   3.4358e-03  -1.9566e-03 
295   1.1386e-02   8.7436e-03   5.8913e-03  -1.3610e-02   2.5904e-03  -1.5171e-03 
296   1.1784e-02   8.0059e-03   5.8610e-03  -1.3977e-02   3.0142e-03  -1.9855e-03 
297   1.1586e-02   7.3783e-03   5.3430e-03  -1.3992e-02   3.1897e-03  -2.3403e-03 
298   1.2152e-02   7.8284e-03   5.6453e-03  -1.4067e-02   3.3918e-03  -2.4256e-03 
299   1.1553e-02   8.2972e-03   4.6592e-03  -1.4376e-02   3.4141e-03  -2.2753e-03 
300   1.0663e-02   7.7303e-03   4.0994e-03  -1.3573e-02   3.0827e-03  -2.2507e-03 
Loop time of 434.673 on 1 procs for 3000000 steps with 200 atoms

Performance: 59631.014 tau/day, 6901.738 timesteps/s
98.9% CPU use with 1 MPI tasks x no OpenMP threads

MPI task timing breakdown:
Section |  min time  |  avg time  |  max time  |%varavg| %total
---------------------------------------------------------------
Pair    | 411.32     | 411.32     | 411.32     |   0.0 | 94.63
Neigh   | 0.17655    | 0.17655    | 0.17655    |   0.0 |  0.04
Comm    | 10.66      | 10.66      | 10.66      |   0.0 |  2.45
Output  | 0.063546   | 0.063546   | 0.063546   |   0.0 |  0.01
Modify  | 10.111     | 10.111     | 10.111     |   0.0 |  2.33
Other   |            | 2.341      |            |       |  0.54

Nlocal:    200 ave 200 max 200 min
Histogram: 1 0 0 0 0 0 0 0 0 0
Nghost:    373 ave 373 max 373 min
Histogram: 1 0 0 0 0 0 0 0 0 0
Neighs:    747 ave 747 max 747 min
Histogram: 1 0 0 0 0 0 0 0 0 0
FullNghs:  1208 ave 1208 max 1208 min
Histogram: 1 0 0 0 0 0 0 0 0 0

Total # of neighbors = 1208
Ave neighs/atom = 6.04
Neighbor list builds = 603
Dangerous builds = 0







Total wall time: 0:07:14
